<?xml version="1.0" encoding="UTF-8"?>
<!-- Generated by org.testng.reporters.JUnitXMLReporter -->
<testsuite ignored="1" hostname="JAHNAVI-PC" failures="0" tests="6" name="Testngxml" time="22.374" errors="0" timestamp="2023-10-31T12:04:04 IST">
  <testcase classname="oct30.FirstTestngClass" name="pBanking" time="0.8"/>
  <testcase classname="oct30.FirstTestngClass" name="cBanking" time="0.361"/>
  <testcase classname="oct30.FirstTestngClass" name="iBanking" time="0.415"/>
  <testcase classname="oct30.Before_Method" name="multiplication" time="0.549"/>
  <testcase classname="oct30.Before_Method" name="addition" time="0.581"/>
  <testcase classname="oct30.Before_Method" name="addition" time="0.437"/>
  <testcase classname="oct30.Before_Method" name="division" time="0.0">
    <ignored/>
  </testcase> <!-- division -->
</testsuite> <!-- Testngxml -->
