<?xml version="1.0" encoding="UTF-8"?>
<testng-results ignored="0" total="1" passed="1" failed="0" skipped="0">
  <reporter-output>
    <line>
      <![CDATA[Success]]>
    </line>
  </reporter-output>
  <suite started-at="2023-11-06T12:12:36 IST" name="Default suite" finished-at="2023-11-06T12:12:45 IST" duration-ms="9167">
    <groups>
    </groups>
    <test started-at="2023-11-06T12:12:36 IST" name="Default test" finished-at="2023-11-06T12:12:45 IST" duration-ms="9167">
      <class name="OrangHrm">
        <test-method signature="startTest()[pri:0, instance:OrangHrm@293a5bf6]" started-at="2023-11-06T12:12:36 IST" name="startTest" finished-at="2023-11-06T12:12:45 IST" duration-ms="9046" status="PASS">
          <reporter-output>
            <line>
              <![CDATA[Success]]>
            </line>
          </reporter-output>
        </test-method> <!-- startTest -->
      </class> <!-- OrangHrm -->
    </test> <!-- Default test -->
  </suite> <!-- Default suite -->
</testng-results>
